Build started 3/9/2016 10:25:14 AM.
     1>Project "C:\Users\Lab\Documents\SocketServerNatNet\Samples\motiveDataGUI\motiveDataGUI.vcxproj" on node 2 (build target(s)).
     1>InitializeBuildStatus:
         Creating "Debug\motiveDataGUI.unsuccessfulbuild" because "AlwaysCreate" was specified.
       ClCompile:
         C:\Program Files (x86)\Microsoft Visual Studio 10.0\VC\bin\CL.exe /c /ZI /nologo /W3 /WX- /Od /Oy- /D WIN32 /D _WINDOWS /D _DEBUG /D _UNICODE /D UNICODE /D _AFXDLL /Gm /EHsc /RTC1 /MDd /GS /fp:precise /Zc:wchar_t /Zc:forScope /Yc"StdAfx.h" /Fp"Debug\motiveDataGUI.pch" /Fo"Debug\\" /Fd"Debug\vc100.pdb" /Gd /TP /analyze- /errorReport:prompt stdafx.cpp
         stdafx.cpp
         C:\Program Files (x86)\Microsoft Visual Studio 10.0\VC\bin\CL.exe /c /ZI /nologo /W3 /WX- /Od /Oy- /D WIN32 /D _WINDOWS /D _DEBUG /D _UNICODE /D UNICODE /D _AFXDLL /Gm /EHsc /RTC1 /MDd /GS /fp:precise /Zc:wchar_t /Zc:forScope /Yu"StdAfx.h" /Fp"Debug\motiveDataGUI.pch" /Fo"Debug\\" /Fd"Debug\vc100.pdb" /Gd /TP /analyze- /errorReport:prompt ChildFrm.cpp ClassView.cpp FileView.cpp MainFrm.cpp motiveDataGUI.cpp motiveDataGUIDoc.cpp motiveDataGUIView.cpp OutputWnd.cpp PropertiesWnd.cpp ViewTree.cpp
         ViewTree.cpp
         PropertiesWnd.cpp
         OutputWnd.cpp
         motiveDataGUIView.cpp
         motiveDataGUIDoc.cpp
         motiveDataGUI.cpp
         MainFrm.cpp
         FileView.cpp
         ClassView.cpp
         ChildFrm.cpp
         Generating Code...
       ResourceCompile:
         C:\Program Files (x86)\Microsoft SDKs\Windows\v7.0A\bin\rc.exe /D _DEBUG /D _UNICODE /D UNICODE /D _AFXDLL /l"0x0409" /IDebug\ /nologo /fo"Debug\motiveDataGUI.res" motiveDataGUI.rc 
       ManifestResourceCompile:
         C:\Program Files (x86)\Microsoft SDKs\Windows\v7.0A\bin\rc.exe /nologo /fo"Debug\motiveDataGUI.exe.embed.manifest.res" Debug\motiveDataGUI_manifest.rc 
       Link:
         C:\Program Files (x86)\Microsoft Visual Studio 10.0\VC\bin\link.exe /ERRORREPORT:PROMPT /OUT:"C:\Users\Lab\Documents\SocketServerNatNet\Samples\Debug\motiveDataGUI.exe" /INCREMENTAL /NOLOGO /MANIFEST /ManifestFile:"Debug\motiveDataGUI.exe.intermediate.manifest" /MANIFESTUAC:"level='asInvoker' uiAccess='false'" /DEBUG /PDB:"C:\Users\Lab\Documents\SocketServerNatNet\Samples\Debug\motiveDataGUI.pdb" /SUBSYSTEM:WINDOWS /TLBID:1 /ENTRY:"wWinMainCRTStartup" /DYNAMICBASE /NXCOMPAT /IMPLIB:"C:\Users\Lab\Documents\SocketServerNatNet\Samples\Debug\motiveDataGUI.lib" /MACHINE:X86 Debug\motiveDataGUI.res
         Debug\motiveDataGUI.exe.embed.manifest.res
         Debug\ChildFrm.obj
         Debug\ClassView.obj
         Debug\FileView.obj
         Debug\MainFrm.obj
         Debug\motiveDataGUI.obj
         Debug\motiveDataGUIDoc.obj
         Debug\motiveDataGUIView.obj
         Debug\OutputWnd.obj
         Debug\PropertiesWnd.obj
         Debug\stdafx.obj
         Debug\ViewTree.obj
       Manifest:
         C:\Program Files (x86)\Microsoft SDKs\Windows\v7.0A\bin\mt.exe /nologo /verbose /out:"Debug\motiveDataGUI.exe.embed.manifest" /manifest Debug\motiveDataGUI.exe.intermediate.manifest "C:\Program Files (x86)\Microsoft Visual Studio 10.0\VC\Include\Manifest\dpiaware.manifest"
         C:\Program Files (x86)\Microsoft SDKs\Windows\v7.0A\bin\rc.exe /nologo /fo"Debug\motiveDataGUI.exe.embed.manifest.res" Debug\motiveDataGUI_manifest.rc 
       LinkEmbedManifest:
         C:\Program Files (x86)\Microsoft Visual Studio 10.0\VC\bin\link.exe /ERRORREPORT:PROMPT /OUT:"C:\Users\Lab\Documents\SocketServerNatNet\Samples\Debug\motiveDataGUI.exe" /INCREMENTAL /NOLOGO /MANIFEST /ManifestFile:"Debug\motiveDataGUI.exe.intermediate.manifest" /MANIFESTUAC:"level='asInvoker' uiAccess='false'" /DEBUG /PDB:"C:\Users\Lab\Documents\SocketServerNatNet\Samples\Debug\motiveDataGUI.pdb" /SUBSYSTEM:WINDOWS /TLBID:1 /ENTRY:"wWinMainCRTStartup" /DYNAMICBASE /NXCOMPAT /IMPLIB:"C:\Users\Lab\Documents\SocketServerNatNet\Samples\Debug\motiveDataGUI.lib" /MACHINE:X86 Debug\motiveDataGUI.res
         Debug\motiveDataGUI.exe.embed.manifest.res
         Debug\ChildFrm.obj
         Debug\ClassView.obj
         Debug\FileView.obj
         Debug\MainFrm.obj
         Debug\motiveDataGUI.obj
         Debug\motiveDataGUIDoc.obj
         Debug\motiveDataGUIView.obj
         Debug\OutputWnd.obj
         Debug\PropertiesWnd.obj
         Debug\stdafx.obj
         Debug\ViewTree.obj
         motiveDataGUI.vcxproj -> C:\Users\Lab\Documents\SocketServerNatNet\Samples\Debug\motiveDataGUI.exe
       FinalizeBuildStatus:
         Deleting file "Debug\motiveDataGUI.unsuccessfulbuild".
         Touching "Debug\motiveDataGUI.lastbuildstate".
     1>Done Building Project "C:\Users\Lab\Documents\SocketServerNatNet\Samples\motiveDataGUI\motiveDataGUI.vcxproj" (build target(s)).

Build succeeded.

Time Elapsed 00:00:12.98
