Build started 4/19/2016 6:30:25 PM.
     1>Project "C:\Users\Lab\Documents\SocketServerNatNet\Samples\SampleClient\SampleClient.vcxproj" on node 2 (build target(s)).
     1>InitializeBuildStatus:
         Creating "Debug\Server.unsuccessfulbuild" because "AlwaysCreate" was specified.
       ClCompile:
         C:\Program Files (x86)\Microsoft Visual Studio 10.0\VC\bin\CL.exe /c /I..\..\include\ /Zi /nologo /W3 /WX- /Od /Oy- /D WIN32 /D _DEBUG /D _VC80_UPGRADE=0x0710 /D _MBCS /Gm- /EHsc /MDd /GS /fp:precise /Zc:wchar_t /Zc:forScope /Fo"Debug\\" /Fd"Debug\vc100.pdb" /Gd /TP /analyze- /errorReport:prompt Server.cpp
         Server.cpp
     1>Server.cpp(615): warning C4101: 'recvbuf' : unreferenced local variable
     1>Server.cpp(614): warning C4101: 'iSendResult' : unreferenced local variable
     1>Server.cpp(714): warning C4101: 'iResult' : unreferenced local variable
     1>Server.cpp(727): warning C4101: 'iResult' : unreferenced local variable
     1>c:\users\lab\documents\socketservernatnet\samples\sampleclient\server.cpp(711): warning C4715: 'SetupExportServer' : not all control paths return a value
       Link:
         C:\Program Files (x86)\Microsoft Visual Studio 10.0\VC\bin\link.exe /ERRORREPORT:PROMPT /OUT:"C:\Users\Lab\Documents\SocketServerNatNet\Samples\\bin\Server.exe" /INCREMENTAL:NO /NOLOGO /LIBPATH:..\..\lib NatNetLibStatic.lib ws2_32.lib kernel32.lib user32.lib gdi32.lib winspool.lib comdlg32.lib advapi32.lib shell32.lib ole32.lib oleaut32.lib uuid.lib odbc32.lib odbccp32.lib /MANIFEST /ManifestFile:"Debug\Server.exe.intermediate.manifest" /MANIFESTUAC:"level='asInvoker' uiAccess='false'" /DEBUG /PDB:"C:\Users\Lab\Documents\SocketServerNatNet\Samples\bin\Server.pdb" /ASSEMBLYDEBUG /SUBSYSTEM:CONSOLE /TLBID:1 /DYNAMICBASE /NXCOMPAT /IMPLIB:"C:\Users\Lab\Documents\SocketServerNatNet\Samples\\bin\Server.lib" /MACHINE:X86 Debug\Server.obj 
          
     1>LINK : warning LNK4098: defaultlib 'MSVCRT' conflicts with use of other libs; use /NODEFAULTLIB:library
     1>NatNetLibStatic.lib(ClientCore.obj) : warning LNK4099: PDB 'vc100.pdb' was not found with 'NatNetLibStatic.lib(ClientCore.obj)' or at 'C:\Users\Lab\Documents\SocketServerNatNet\Samples\bin\vc100.pdb'; linking object as if no debug info
     1>NatNetLibStatic.lib(NatNetClient.obj) : warning LNK4099: PDB 'vc100.pdb' was not found with 'NatNetLibStatic.lib(NatNetClient.obj)' or at 'C:\Users\Lab\Documents\SocketServerNatNet\Samples\bin\vc100.pdb'; linking object as if no debug info
     1>NatNetLibStatic.lib(NatNetHelper.obj) : warning LNK4099: PDB 'vc100.pdb' was not found with 'NatNetLibStatic.lib(NatNetHelper.obj)' or at 'C:\Users\Lab\Documents\SocketServerNatNet\Samples\bin\vc100.pdb'; linking object as if no debug info
     1>NatNetLibStatic.lib(quattoeuler.obj) : warning LNK4099: PDB 'vc100.pdb' was not found with 'NatNetLibStatic.lib(quattoeuler.obj)' or at 'C:\Users\Lab\Documents\SocketServerNatNet\Samples\bin\vc100.pdb'; linking object as if no debug info
     1>NatNetLibStatic.lib(UnicastClientCore.obj) : warning LNK4099: PDB 'vc100.pdb' was not found with 'NatNetLibStatic.lib(UnicastClientCore.obj)' or at 'C:\Users\Lab\Documents\SocketServerNatNet\Samples\bin\vc100.pdb'; linking object as if no debug info
         SampleClient.vcxproj -> C:\Users\Lab\Documents\SocketServerNatNet\Samples\\bin\Server.exe
       Manifest:
         C:\Program Files (x86)\Microsoft SDKs\Windows\v7.0A\bin\mt.exe /nologo /verbose /outputresource:"C:\Users\Lab\Documents\SocketServerNatNet\Samples\\bin\Server.exe;#1" /manifest Debug\Server.exe.intermediate.manifest
       FinalizeBuildStatus:
         Deleting file "Debug\Server.unsuccessfulbuild".
         Touching "Debug\Server.lastbuildstate".
     1>Done Building Project "C:\Users\Lab\Documents\SocketServerNatNet\Samples\SampleClient\SampleClient.vcxproj" (build target(s)).

Build succeeded.

Time Elapsed 00:00:01.91
